2023-03-24 01:52:36,470 [main] INFO  utilities.MyLogger - Scenario: Positive logIn verification is starting
2023-03-24 01:52:45,283 [main] INFO  utilities.MyLogger - User is on the demo blaze website
2023-03-24 01:52:52,347 [main] INFO  utilities.MyLogger - Scenario PASSED
2023-03-24 10:49:25,725 [main] INFO  utilities.MyLogger - Scenario:  is starting
2023-03-24 10:49:34,674 [main] INFO  utilities.MyLogger - User is on the demo blaze website
2023-03-24 10:49:41,640 [main] ERROR utilities.MyLogger - Scenario Failed
2023-03-24 10:49:42,824 [main] INFO  utilities.MyLogger - Scenario:  is starting
2023-03-24 10:49:47,740 [main] INFO  utilities.MyLogger - User is on the demo blaze website
2023-03-24 10:49:54,401 [main] ERROR utilities.MyLogger - Scenario Failed
2023-03-24 10:51:12,524 [main] INFO  utilities.MyLogger - Scenario:  is starting
2023-03-24 10:51:18,714 [main] INFO  utilities.MyLogger - User is on the demo blaze website
2023-03-24 10:51:30,825 [main] ERROR utilities.MyLogger - Scenario Failed
2023-03-24 10:51:31,521 [main] INFO  utilities.MyLogger - Scenario:  is starting
2023-03-24 10:51:36,224 [main] INFO  utilities.MyLogger - User is on the demo blaze website
2023-03-24 10:51:48,345 [main] ERROR utilities.MyLogger - Scenario Failed
2023-03-24 10:56:09,816 [main] INFO  utilities.MyLogger - Scenario:  is starting
2023-03-24 10:56:15,952 [main] INFO  utilities.MyLogger - User is on the demo blaze website
2023-03-24 10:56:28,071 [main] ERROR utilities.MyLogger - Scenario Failed
2023-03-24 10:56:28,789 [main] INFO  utilities.MyLogger - Scenario:  is starting
2023-03-24 10:56:33,461 [main] INFO  utilities.MyLogger - User is on the demo blaze website
2023-03-24 10:56:39,949 [main] ERROR utilities.MyLogger - Scenario Failed
2023-03-24 10:59:38,916 [main] INFO  utilities.MyLogger - Scenario:  is starting
2023-03-24 10:59:44,880 [main] INFO  utilities.MyLogger - User is on the demo blaze website
2023-03-24 10:59:57,331 [main] ERROR utilities.MyLogger - Scenario Failed
2023-03-24 10:59:57,957 [main] INFO  utilities.MyLogger - Scenario:  is starting
2023-03-24 11:00:02,622 [main] INFO  utilities.MyLogger - User is on the demo blaze website
2023-03-24 11:00:09,063 [main] ERROR utilities.MyLogger - Scenario Failed
2023-03-24 11:00:49,034 [main] INFO  utilities.MyLogger - Scenario:  is starting
2023-03-24 11:00:55,110 [main] INFO  utilities.MyLogger - User is on the demo blaze website
2023-03-24 11:01:07,739 [main] ERROR utilities.MyLogger - Scenario Failed
2023-03-24 11:01:08,331 [main] INFO  utilities.MyLogger - Scenario:  is starting
2023-03-24 11:01:13,013 [main] INFO  utilities.MyLogger - User is on the demo blaze website
2023-03-24 11:01:25,316 [main] ERROR utilities.MyLogger - Scenario Failed
2023-03-24 11:03:35,260 [main] INFO  utilities.MyLogger - Scenario:  is starting
2023-03-24 11:03:41,288 [main] INFO  utilities.MyLogger - User is on the demo blaze website
2023-03-24 11:03:53,901 [main] ERROR utilities.MyLogger - Scenario Failed
2023-03-24 11:03:54,517 [main] INFO  utilities.MyLogger - Scenario:  is starting
2023-03-24 11:03:59,160 [main] INFO  utilities.MyLogger - User is on the demo blaze website
2023-03-24 11:04:11,847 [main] ERROR utilities.MyLogger - Scenario Failed
2023-03-24 11:06:16,410 [main] INFO  utilities.MyLogger - Scenario:  is starting
2023-03-24 11:06:22,459 [main] INFO  utilities.MyLogger - User is on the demo blaze website
2023-03-24 11:06:35,143 [main] ERROR utilities.MyLogger - Scenario Failed
2023-03-24 11:07:35,740 [main] INFO  utilities.MyLogger - Scenario:  is starting
2023-03-24 11:07:41,792 [main] INFO  utilities.MyLogger - User is on the demo blaze website
2023-03-24 11:07:47,033 [main] ERROR utilities.MyLogger - Scenario Failed
2023-03-24 11:09:05,686 [main] INFO  utilities.MyLogger - Scenario:  is starting
2023-03-24 11:09:11,714 [main] INFO  utilities.MyLogger - User is on the demo blaze website
2023-03-24 11:09:17,671 [main] ERROR utilities.MyLogger - Scenario Failed
2023-03-24 11:11:40,579 [main] INFO  utilities.MyLogger - Scenario:  is starting
2023-03-24 11:11:46,261 [main] INFO  utilities.MyLogger - User is on the demo blaze website
2023-03-24 11:11:53,061 [main] INFO  utilities.MyLogger - Scenario PASSED
2023-03-24 11:42:13,671 [main] INFO  utilities.MyLogger - Scenario:  is starting
2023-03-24 11:42:20,091 [main] INFO  utilities.MyLogger - User is on the demo blaze website
2023-03-24 11:42:26,775 [main] INFO  utilities.MyLogger - Scenario PASSED
2023-03-24 11:42:26,892 [main] INFO  utilities.MyLogger - Scenario:  is starting
2023-03-24 11:42:31,776 [main] INFO  utilities.MyLogger - User is on the demo blaze website
2023-03-24 11:42:39,392 [main] INFO  utilities.MyLogger - Scenario PASSED
2023-03-24 11:42:39,504 [main] INFO  utilities.MyLogger - Scenario:  is starting
2023-03-24 11:42:44,171 [main] INFO  utilities.MyLogger - User is on the demo blaze website
2023-03-24 11:42:50,757 [main] INFO  utilities.MyLogger - Scenario PASSED
2023-03-24 11:58:47,713 [main] INFO  utilities.MyLogger - Scenario:  is starting
2023-03-24 11:58:54,153 [main] INFO  utilities.MyLogger - User is on the demo blaze website
2023-03-24 11:58:55,675 [main] INFO  utilities.MyLogger - Clicking on product: Samsung galaxy s6
2023-03-24 11:59:00,259 [main] INFO  utilities.MyLogger - User sees alert message
2023-03-24 11:59:00,772 [main] INFO  utilities.MyLogger - Going to cart
2023-03-24 11:59:01,302 [main] INFO  utilities.MyLogger - Verification of details of products
2023-03-24 11:59:01,598 [main] INFO  utilities.MyLogger - Scenario PASSED
2023-03-24 11:59:01,736 [main] INFO  utilities.MyLogger - Scenario:  is starting
2023-03-24 11:59:06,515 [main] INFO  utilities.MyLogger - User is on the demo blaze website
2023-03-24 11:59:07,838 [main] INFO  utilities.MyLogger - Clicking on product: Nokia lumia 1520
2023-03-24 11:59:11,460 [main] INFO  utilities.MyLogger - User sees alert message
2023-03-24 11:59:11,971 [main] INFO  utilities.MyLogger - Going to cart
2023-03-24 11:59:12,322 [main] INFO  utilities.MyLogger - Verification of details of products
2023-03-24 11:59:12,555 [main] INFO  utilities.MyLogger - Scenario PASSED
2023-03-24 11:59:12,664 [main] INFO  utilities.MyLogger - Scenario:  is starting
2023-03-24 11:59:17,353 [main] INFO  utilities.MyLogger - User is on the demo blaze website
2023-03-24 11:59:18,687 [main] INFO  utilities.MyLogger - Clicking on product: Nexus 6
2023-03-24 11:59:22,797 [main] INFO  utilities.MyLogger - User sees alert message
2023-03-24 11:59:23,306 [main] INFO  utilities.MyLogger - Going to cart
2023-03-24 11:59:23,601 [main] INFO  utilities.MyLogger - Verification of details of products
2023-03-24 11:59:23,842 [main] INFO  utilities.MyLogger - Scenario PASSED
2023-03-24 12:16:13,864 [main] INFO  utilities.MyLogger - Scenario:  is starting
2023-03-24 12:16:22,689 [main] INFO  utilities.MyLogger - User is on the demo blaze website
2023-03-24 12:16:28,877 [main] INFO  utilities.MyLogger - User sees alert message
2023-03-24 12:16:29,389 [main] INFO  utilities.MyLogger - Going to cart
2023-03-24 12:16:29,994 [main] ERROR utilities.MyLogger - Scenario Failed
2023-03-24 12:20:06,284 [main] INFO  utilities.MyLogger - Scenario:  is starting
2023-03-24 12:20:13,434 [main] INFO  utilities.MyLogger - User is on the demo blaze website
2023-03-24 12:20:18,710 [main] ERROR utilities.MyLogger - Scenario Failed
2023-03-24 12:25:53,234 [main] INFO  utilities.MyLogger - Scenario:  is starting
2023-03-24 12:26:01,359 [main] INFO  utilities.MyLogger - User is on the demo blaze website
2023-03-24 12:26:02,925 [main] ERROR utilities.MyLogger - Scenario Failed
2023-04-06 12:55:44,886 [main] INFO  utilities.MyLogger - Scenario:  is starting
2023-04-06 12:55:50,997 [main] INFO  utilities.MyLogger - User is on the demo blaze website
2023-04-06 12:55:52,561 [main] ERROR utilities.MyLogger - Scenario Failed
2023-04-06 12:57:56,696 [main] INFO  utilities.MyLogger - Scenario: CashWise negative login is starting
2023-04-06 12:58:13,254 [main] ERROR utilities.MyLogger - Scenario Failed
2023-04-06 12:58:14,194 [main] INFO  utilities.MyLogger - Scenario: CashWise negative login is starting
2023-04-06 12:58:29,723 [main] ERROR utilities.MyLogger - Scenario Failed
2023-04-06 12:58:30,649 [main] INFO  utilities.MyLogger - Scenario: CashWise negative login is starting
2023-04-06 12:58:47,928 [main] ERROR utilities.MyLogger - Scenario Failed
2023-04-06 12:58:48,923 [main] INFO  utilities.MyLogger - Scenario: CashWise negative login is starting
2023-04-06 12:59:04,456 [main] ERROR utilities.MyLogger - Scenario Failed
2023-04-07 10:49:10,271 [main] INFO  utilities.MyLogger - Scenario: Create ne w invoice functionality verification is starting
2023-04-07 10:49:10,275 [main] INFO  utilities.MyLogger - Scenario PASSED
2023-04-19 13:45:47,073 [main] INFO  utilities.MyLogger - Scenario: Verifying number of clients is starting
2023-04-19 13:45:47,077 [main] INFO  utilities.MyLogger - Scenario PASSED
2023-04-19 14:22:48,809 [main] INFO  utilities.MyLogger - Scenario: Verifying number of clients is starting
2023-04-19 14:22:50,126 [main] INFO  utilities.MyLogger - Scenario PASSED
2023-04-19 15:35:34,763 [main] INFO  utilities.MyLogger - Scenario: Verifying number of clients is starting
2023-04-19 15:35:36,224 [main] ERROR utilities.MyLogger - Scenario Failed
2023-05-02 10:04:42,050 [main] INFO  utilities.MyLogger - Scenario: happy path is starting
2023-05-02 10:04:42,055 [main] ERROR utilities.MyLogger - Scenario Failed
2023-05-02 10:05:39,578 [main] INFO  utilities.MyLogger - Scenario: happy path is starting
2023-05-02 10:05:41,164 [main] INFO  utilities.MyLogger - Scenario PASSED
2023-05-02 10:30:02,129 [main] INFO  utilities.MyLogger - Scenario: happy path is starting
2023-05-02 10:30:04,393 [main] INFO  utilities.MyLogger - Scenario PASSED
2023-05-02 11:12:52,990 [main] INFO  utilities.MyLogger - Scenario:  is starting
2023-05-02 11:12:55,502 [main] ERROR utilities.MyLogger - Scenario Failed
2023-05-02 11:13:29,854 [main] INFO  utilities.MyLogger - Scenario:  is starting
2023-05-02 11:13:32,709 [main] INFO  utilities.MyLogger - Scenario PASSED
2023-05-02 11:14:23,726 [main] INFO  utilities.MyLogger - Scenario:  is starting
2023-05-02 11:14:26,466 [main] INFO  utilities.MyLogger - Scenario PASSED
2023-05-02 11:15:17,966 [main] INFO  utilities.MyLogger - Scenario: happy path is starting
2023-05-02 11:15:20,865 [main] ERROR utilities.MyLogger - Scenario Failed
2023-05-02 11:22:10,721 [main] INFO  utilities.MyLogger - Scenario:  is starting
2023-05-02 11:22:13,429 [main] INFO  utilities.MyLogger - Scenario PASSED
2023-05-02 11:22:22,156 [main] INFO  utilities.MyLogger - Scenario:  is starting
2023-05-02 11:22:24,949 [main] INFO  utilities.MyLogger - Scenario PASSED
2023-05-02 12:33:18,598 [main] INFO  utilities.MyLogger - Scenario:  is starting
2023-05-02 12:33:23,442 [main] INFO  utilities.MyLogger - Scenario PASSED
2023-05-02 12:33:44,586 [main] INFO  utilities.MyLogger - Scenario: happy path is starting
2023-05-02 12:33:46,296 [main] ERROR utilities.MyLogger - Scenario Failed
2023-05-02 12:36:55,278 [main] INFO  utilities.MyLogger - Scenario: happy path is starting
2023-05-02 12:36:56,959 [main] ERROR utilities.MyLogger - Scenario Failed
2023-05-02 12:37:19,010 [main] INFO  utilities.MyLogger - Scenario: happy path is starting
2023-05-02 12:37:20,529 [main] ERROR utilities.MyLogger - Scenario Failed
2023-05-02 12:39:24,397 [main] INFO  utilities.MyLogger - Scenario: happy path is starting
2023-05-02 12:39:26,073 [main] ERROR utilities.MyLogger - Scenario Failed
2023-05-02 12:41:02,538 [main] INFO  utilities.MyLogger - Scenario: happy path is starting
2023-05-02 12:41:06,046 [main] INFO  utilities.MyLogger - Scenario PASSED
2023-05-02 12:42:26,624 [main] INFO  utilities.MyLogger - Scenario: happy path is starting
2023-05-02 12:42:30,064 [main] INFO  utilities.MyLogger - Scenario PASSED
2023-05-02 12:43:35,398 [main] INFO  utilities.MyLogger - Scenario: happy path is starting
2023-05-02 12:43:39,546 [main] INFO  utilities.MyLogger - Scenario PASSED
2023-05-02 16:28:18,311 [main] INFO  utilities.MyLogger - Scenario: Verify client is starting
2023-05-02 16:28:18,315 [main] INFO  utilities.MyLogger - Scenario PASSED
2023-05-04 09:32:33,247 [main] INFO  utilities.MyLogger - Scenario: Verify the creation of a new employee is starting
2023-05-04 09:32:33,251 [main] INFO  utilities.MyLogger - Scenario PASSED
2023-05-04 09:35:07,518 [main] INFO  utilities.MyLogger - Scenario: Verify the creation of a new employee is starting
2023-05-04 09:35:07,523 [main] INFO  utilities.MyLogger - Scenario PASSED
2023-05-04 09:39:34,623 [main] INFO  utilities.MyLogger - Scenario: Verify the creation of a new employee is starting
2023-05-04 09:39:34,627 [main] INFO  utilities.MyLogger - Scenario PASSED
2023-05-04 09:41:01,034 [main] INFO  utilities.MyLogger - Scenario: Verify the creation of a new employee is starting
2023-05-04 09:41:01,039 [main] INFO  utilities.MyLogger - Scenario PASSED
2023-05-04 09:41:32,726 [main] INFO  utilities.MyLogger - Scenario: Verify the creation of a new employee is starting
2023-05-04 09:41:32,731 [main] INFO  utilities.MyLogger - Scenario PASSED
2023-05-04 09:44:44,916 [main] INFO  utilities.MyLogger - Scenario: Verify the creation of a new employee is starting
2023-05-04 09:44:46,249 [main] INFO  utilities.MyLogger - Scenario PASSED
2023-05-04 09:58:00,464 [main] INFO  utilities.MyLogger - Scenario: Verify the creation of a new employee is starting
2023-05-04 09:58:02,205 [main] ERROR utilities.MyLogger - Scenario Failed
2023-05-04 09:59:54,185 [main] INFO  utilities.MyLogger - Scenario: Verify the creation of a new employee is starting
2023-05-04 09:59:55,842 [main] ERROR utilities.MyLogger - Scenario Failed
2023-05-04 10:04:28,923 [main] INFO  utilities.MyLogger - Scenario: Verify the creation of a new employee is starting
2023-05-04 10:04:30,659 [main] ERROR utilities.MyLogger - Scenario Failed
2023-05-04 10:13:32,381 [main] INFO  utilities.MyLogger - Scenario: Verify the creation of a new employee is starting
2023-05-04 10:13:34,126 [main] ERROR utilities.MyLogger - Scenario Failed
2023-05-04 10:15:57,892 [main] INFO  utilities.MyLogger - Scenario: Verify the creation of a new employee is starting
2023-05-04 10:15:59,615 [main] ERROR utilities.MyLogger - Scenario Failed
2023-05-04 10:16:39,571 [main] INFO  utilities.MyLogger - Scenario: Verify the creation of a new employee is starting
2023-05-04 10:16:41,125 [main] INFO  utilities.MyLogger - Scenario PASSED
2023-05-08 10:24:54,690 [main] INFO  utilities.MyLogger - Scenario: Verify the creation of a new employee is starting
2023-05-08 10:24:56,194 [main] ERROR utilities.MyLogger - Scenario Failed
2023-05-08 10:27:14,571 [main] INFO  utilities.MyLogger - Scenario: Verify the creation of a new employee is starting
2023-05-08 10:27:18,287 [main] ERROR utilities.MyLogger - Scenario Failed
